ARM GAS  C:\Users\SMART\AppData\Local\Temp\cccBAFGO.s 			page 1


   1              		.arch armv8.1-m.main
   2              		.fpu fpv5-d16
   3              		.arch_extension dsp
   4              		.arch_extension fp
   5              		.arch_extension fp.dp
   6              		.arch_extension mve
   7              		.arch_extension mve.fp
   8              		.eabi_attribute 5, "cortex-m55"
   9              		.eabi_attribute 28, 1
  10              		.eabi_attribute 20, 1
  11              		.eabi_attribute 21, 1
  12              		.eabi_attribute 23, 3
  13              		.eabi_attribute 24, 1
  14              		.eabi_attribute 25, 1
  15              		.eabi_attribute 26, 1
  16              		.eabi_attribute 30, 1
  17              		.eabi_attribute 34, 1
  18              		.eabi_attribute 38, 1
  19              		.eabi_attribute 18, 4
  20              		.file	"stm32n6xx_hal_msp.c"
  21              		.text
  22              	.Ltext0:
  23              		.cfi_sections	.debug_frame
  24              		.file 1 "../../Appli/Core/Src/stm32n6xx_hal_msp.c"
  25              		.section	.text.HAL_MspInit,"ax",%progbits
  26              		.align	1
  27              		.global	HAL_MspInit
  28              		.syntax unified
  29              		.thumb
  30              		.thumb_func
  32              	HAL_MspInit:
  33              	.LFB862:
   1:../../Appli/Core/Src/stm32n6xx_hal_msp.c **** /* USER CODE BEGIN Header */
   2:../../Appli/Core/Src/stm32n6xx_hal_msp.c **** /**
   3:../../Appli/Core/Src/stm32n6xx_hal_msp.c ****   ******************************************************************************
   4:../../Appli/Core/Src/stm32n6xx_hal_msp.c ****   * @file         stm32n6xx_hal_msp.c
   5:../../Appli/Core/Src/stm32n6xx_hal_msp.c ****   * @brief        This file provides code for the MSP Initialization
   6:../../Appli/Core/Src/stm32n6xx_hal_msp.c ****   *               and de-Initialization codes.
   7:../../Appli/Core/Src/stm32n6xx_hal_msp.c ****   ******************************************************************************
   8:../../Appli/Core/Src/stm32n6xx_hal_msp.c ****   * @attention
   9:../../Appli/Core/Src/stm32n6xx_hal_msp.c ****   *
  10:../../Appli/Core/Src/stm32n6xx_hal_msp.c ****   * Copyright (c) 2026 STMicroelectronics.
  11:../../Appli/Core/Src/stm32n6xx_hal_msp.c ****   * All rights reserved.
  12:../../Appli/Core/Src/stm32n6xx_hal_msp.c ****   *
  13:../../Appli/Core/Src/stm32n6xx_hal_msp.c ****   * This software is licensed under terms that can be found in the LICENSE file
  14:../../Appli/Core/Src/stm32n6xx_hal_msp.c ****   * in the root directory of this software component.
  15:../../Appli/Core/Src/stm32n6xx_hal_msp.c ****   * If no LICENSE file comes with this software, it is provided AS-IS.
  16:../../Appli/Core/Src/stm32n6xx_hal_msp.c ****   *
  17:../../Appli/Core/Src/stm32n6xx_hal_msp.c ****   ******************************************************************************
  18:../../Appli/Core/Src/stm32n6xx_hal_msp.c ****   */
  19:../../Appli/Core/Src/stm32n6xx_hal_msp.c **** /* USER CODE END Header */
  20:../../Appli/Core/Src/stm32n6xx_hal_msp.c **** 
  21:../../Appli/Core/Src/stm32n6xx_hal_msp.c **** /* Includes ------------------------------------------------------------------*/
  22:../../Appli/Core/Src/stm32n6xx_hal_msp.c **** #include "main.h"
  23:../../Appli/Core/Src/stm32n6xx_hal_msp.c **** /* USER CODE BEGIN Includes */
  24:../../Appli/Core/Src/stm32n6xx_hal_msp.c **** 
  25:../../Appli/Core/Src/stm32n6xx_hal_msp.c **** /* USER CODE END Includes */
ARM GAS  C:\Users\SMART\AppData\Local\Temp\cccBAFGO.s 			page 2


  26:../../Appli/Core/Src/stm32n6xx_hal_msp.c **** 
  27:../../Appli/Core/Src/stm32n6xx_hal_msp.c **** /* Private typedef -----------------------------------------------------------*/
  28:../../Appli/Core/Src/stm32n6xx_hal_msp.c **** /* USER CODE BEGIN TD */
  29:../../Appli/Core/Src/stm32n6xx_hal_msp.c **** 
  30:../../Appli/Core/Src/stm32n6xx_hal_msp.c **** /* USER CODE END TD */
  31:../../Appli/Core/Src/stm32n6xx_hal_msp.c **** 
  32:../../Appli/Core/Src/stm32n6xx_hal_msp.c **** /* Private define ------------------------------------------------------------*/
  33:../../Appli/Core/Src/stm32n6xx_hal_msp.c **** /* USER CODE BEGIN Define */
  34:../../Appli/Core/Src/stm32n6xx_hal_msp.c **** 
  35:../../Appli/Core/Src/stm32n6xx_hal_msp.c **** /* USER CODE END Define */
  36:../../Appli/Core/Src/stm32n6xx_hal_msp.c **** 
  37:../../Appli/Core/Src/stm32n6xx_hal_msp.c **** /* Private macro -------------------------------------------------------------*/
  38:../../Appli/Core/Src/stm32n6xx_hal_msp.c **** /* USER CODE BEGIN Macro */
  39:../../Appli/Core/Src/stm32n6xx_hal_msp.c **** 
  40:../../Appli/Core/Src/stm32n6xx_hal_msp.c **** /* USER CODE END Macro */
  41:../../Appli/Core/Src/stm32n6xx_hal_msp.c **** 
  42:../../Appli/Core/Src/stm32n6xx_hal_msp.c **** /* Private variables ---------------------------------------------------------*/
  43:../../Appli/Core/Src/stm32n6xx_hal_msp.c **** /* USER CODE BEGIN PV */
  44:../../Appli/Core/Src/stm32n6xx_hal_msp.c **** 
  45:../../Appli/Core/Src/stm32n6xx_hal_msp.c **** /* USER CODE END PV */
  46:../../Appli/Core/Src/stm32n6xx_hal_msp.c **** 
  47:../../Appli/Core/Src/stm32n6xx_hal_msp.c **** /* Private function prototypes -----------------------------------------------*/
  48:../../Appli/Core/Src/stm32n6xx_hal_msp.c **** /* USER CODE BEGIN PFP */
  49:../../Appli/Core/Src/stm32n6xx_hal_msp.c **** 
  50:../../Appli/Core/Src/stm32n6xx_hal_msp.c **** /* USER CODE END PFP */
  51:../../Appli/Core/Src/stm32n6xx_hal_msp.c **** 
  52:../../Appli/Core/Src/stm32n6xx_hal_msp.c **** /* External functions --------------------------------------------------------*/
  53:../../Appli/Core/Src/stm32n6xx_hal_msp.c **** /* USER CODE BEGIN ExternalFunctions */
  54:../../Appli/Core/Src/stm32n6xx_hal_msp.c **** 
  55:../../Appli/Core/Src/stm32n6xx_hal_msp.c **** /* USER CODE END ExternalFunctions */
  56:../../Appli/Core/Src/stm32n6xx_hal_msp.c **** 
  57:../../Appli/Core/Src/stm32n6xx_hal_msp.c **** /* USER CODE BEGIN 0 */
  58:../../Appli/Core/Src/stm32n6xx_hal_msp.c **** 
  59:../../Appli/Core/Src/stm32n6xx_hal_msp.c **** /* USER CODE END 0 */
  60:../../Appli/Core/Src/stm32n6xx_hal_msp.c **** /**
  61:../../Appli/Core/Src/stm32n6xx_hal_msp.c ****   * Initializes the Global MSP.
  62:../../Appli/Core/Src/stm32n6xx_hal_msp.c ****   */
  63:../../Appli/Core/Src/stm32n6xx_hal_msp.c **** void HAL_MspInit(void)
  64:../../Appli/Core/Src/stm32n6xx_hal_msp.c **** {
  34              		.loc 1 64 1 view -0
  35              		.cfi_startproc
  36              		@ args = 0, pretend = 0, frame = 0
  37              		@ frame_needed = 0, uses_anonymous_args = 0
  38 0000 08B5     		push	{r3, lr}
  39              	.LCFI0:
  40              		.cfi_def_cfa_offset 8
  41              		.cfi_offset 3, -8
  42              		.cfi_offset 14, -4
  65:../../Appli/Core/Src/stm32n6xx_hal_msp.c **** 
  66:../../Appli/Core/Src/stm32n6xx_hal_msp.c ****   /* USER CODE BEGIN MspInit 0 */
  67:../../Appli/Core/Src/stm32n6xx_hal_msp.c **** 
  68:../../Appli/Core/Src/stm32n6xx_hal_msp.c ****   /* USER CODE END MspInit 0 */
  69:../../Appli/Core/Src/stm32n6xx_hal_msp.c **** 
  70:../../Appli/Core/Src/stm32n6xx_hal_msp.c ****   /* System interrupt init*/
  71:../../Appli/Core/Src/stm32n6xx_hal_msp.c **** 
  72:../../Appli/Core/Src/stm32n6xx_hal_msp.c ****   HAL_PWREx_EnableVddIO2();
  43              		.loc 1 72 3 view .LVU1
ARM GAS  C:\Users\SMART\AppData\Local\Temp\cccBAFGO.s 			page 3


  44 0002 FFF7FEFF 		bl	HAL_PWREx_EnableVddIO2
  45              	.LVL0:
  73:../../Appli/Core/Src/stm32n6xx_hal_msp.c **** 
  74:../../Appli/Core/Src/stm32n6xx_hal_msp.c ****   HAL_PWREx_EnableVddIO3();
  46              		.loc 1 74 3 view .LVU2
  47 0006 FFF7FEFF 		bl	HAL_PWREx_EnableVddIO3
  48              	.LVL1:
  75:../../Appli/Core/Src/stm32n6xx_hal_msp.c **** 
  76:../../Appli/Core/Src/stm32n6xx_hal_msp.c ****   /* USER CODE BEGIN MspInit 1 */
  77:../../Appli/Core/Src/stm32n6xx_hal_msp.c **** 
  78:../../Appli/Core/Src/stm32n6xx_hal_msp.c ****   /* USER CODE END MspInit 1 */
  79:../../Appli/Core/Src/stm32n6xx_hal_msp.c **** }
  49              		.loc 1 79 1 is_stmt 0 view .LVU3
  50 000a 08BD     		pop	{r3, pc}
  51              		.cfi_endproc
  52              	.LFE862:
  54              		.text
  55              	.Letext0:
  56              		.file 2 "../../Drivers/STM32N6xx_HAL_Driver/Inc/stm32n6xx_hal_pwr_ex.h"
ARM GAS  C:\Users\SMART\AppData\Local\Temp\cccBAFGO.s 			page 4


DEFINED SYMBOLS
                            *ABS*:00000000 stm32n6xx_hal_msp.c
C:\Users\SMART\AppData\Local\Temp\cccBAFGO.s:26     .text.HAL_MspInit:00000000 $t
C:\Users\SMART\AppData\Local\Temp\cccBAFGO.s:32     .text.HAL_MspInit:00000000 HAL_MspInit

UNDEFINED SYMBOLS
HAL_PWREx_EnableVddIO2
HAL_PWREx_EnableVddIO3
