ARM GAS  C:\Users\SMART\AppData\Local\Temp\ccoFHOex.s 			page 1


   1              		.arch armv8.1-m.main
   2              		.fpu fpv5-d16
   3              		.arch_extension dsp
   4              		.arch_extension fp
   5              		.arch_extension fp.dp
   6              		.arch_extension mve
   7              		.arch_extension mve.fp
   8              		.eabi_attribute 5, "cortex-m55"
   9              		.eabi_attribute 28, 1
  10              		.eabi_attribute 20, 1
  11              		.eabi_attribute 21, 1
  12              		.eabi_attribute 23, 3
  13              		.eabi_attribute 24, 1
  14              		.eabi_attribute 25, 1
  15              		.eabi_attribute 26, 1
  16              		.eabi_attribute 30, 1
  17              		.eabi_attribute 34, 1
  18              		.eabi_attribute 38, 1
  19              		.eabi_attribute 18, 4
  20              		.file	"stm32n6xx_it.c"
  21              		.text
  22              	.Ltext0:
  23              		.cfi_sections	.debug_frame
  24              		.file 1 "../../Appli/Core/Src/stm32n6xx_it.c"
  25              		.section	.text.NMI_Handler,"ax",%progbits
  26              		.align	1
  27              		.global	NMI_Handler
  28              		.syntax unified
  29              		.thumb
  30              		.thumb_func
  32              	NMI_Handler:
  33              	.LFB862:
   1:../../Appli/Core/Src/stm32n6xx_it.c **** /* USER CODE BEGIN Header */
   2:../../Appli/Core/Src/stm32n6xx_it.c **** /**
   3:../../Appli/Core/Src/stm32n6xx_it.c ****   ******************************************************************************
   4:../../Appli/Core/Src/stm32n6xx_it.c ****   * @file    stm32n6xx_it.c
   5:../../Appli/Core/Src/stm32n6xx_it.c ****   * @brief   Interrupt Service Routines.
   6:../../Appli/Core/Src/stm32n6xx_it.c ****   ******************************************************************************
   7:../../Appli/Core/Src/stm32n6xx_it.c ****   * @attention
   8:../../Appli/Core/Src/stm32n6xx_it.c ****   *
   9:../../Appli/Core/Src/stm32n6xx_it.c ****   * Copyright (c) 2026 STMicroelectronics.
  10:../../Appli/Core/Src/stm32n6xx_it.c ****   * All rights reserved.
  11:../../Appli/Core/Src/stm32n6xx_it.c ****   *
  12:../../Appli/Core/Src/stm32n6xx_it.c ****   * This software is licensed under terms that can be found in the LICENSE file
  13:../../Appli/Core/Src/stm32n6xx_it.c ****   * in the root directory of this software component.
  14:../../Appli/Core/Src/stm32n6xx_it.c ****   * If no LICENSE file comes with this software, it is provided AS-IS.
  15:../../Appli/Core/Src/stm32n6xx_it.c ****   *
  16:../../Appli/Core/Src/stm32n6xx_it.c ****   ******************************************************************************
  17:../../Appli/Core/Src/stm32n6xx_it.c ****   */
  18:../../Appli/Core/Src/stm32n6xx_it.c **** /* USER CODE END Header */
  19:../../Appli/Core/Src/stm32n6xx_it.c **** 
  20:../../Appli/Core/Src/stm32n6xx_it.c **** /* Includes ------------------------------------------------------------------*/
  21:../../Appli/Core/Src/stm32n6xx_it.c **** #include "main.h"
  22:../../Appli/Core/Src/stm32n6xx_it.c **** #include "stm32n6xx_it.h"
  23:../../Appli/Core/Src/stm32n6xx_it.c **** /* Private includes ----------------------------------------------------------*/
  24:../../Appli/Core/Src/stm32n6xx_it.c **** /* USER CODE BEGIN Includes */
  25:../../Appli/Core/Src/stm32n6xx_it.c **** /* USER CODE END Includes */
ARM GAS  C:\Users\SMART\AppData\Local\Temp\ccoFHOex.s 			page 2


  26:../../Appli/Core/Src/stm32n6xx_it.c **** 
  27:../../Appli/Core/Src/stm32n6xx_it.c **** /* Private typedef -----------------------------------------------------------*/
  28:../../Appli/Core/Src/stm32n6xx_it.c **** /* USER CODE BEGIN TD */
  29:../../Appli/Core/Src/stm32n6xx_it.c **** 
  30:../../Appli/Core/Src/stm32n6xx_it.c **** /* USER CODE END TD */
  31:../../Appli/Core/Src/stm32n6xx_it.c **** 
  32:../../Appli/Core/Src/stm32n6xx_it.c **** /* Private define ------------------------------------------------------------*/
  33:../../Appli/Core/Src/stm32n6xx_it.c **** /* USER CODE BEGIN PD */
  34:../../Appli/Core/Src/stm32n6xx_it.c **** 
  35:../../Appli/Core/Src/stm32n6xx_it.c **** /* USER CODE END PD */
  36:../../Appli/Core/Src/stm32n6xx_it.c **** 
  37:../../Appli/Core/Src/stm32n6xx_it.c **** /* Private macro -------------------------------------------------------------*/
  38:../../Appli/Core/Src/stm32n6xx_it.c **** /* USER CODE BEGIN PM */
  39:../../Appli/Core/Src/stm32n6xx_it.c **** 
  40:../../Appli/Core/Src/stm32n6xx_it.c **** /* USER CODE END PM */
  41:../../Appli/Core/Src/stm32n6xx_it.c **** 
  42:../../Appli/Core/Src/stm32n6xx_it.c **** /* Private variables ---------------------------------------------------------*/
  43:../../Appli/Core/Src/stm32n6xx_it.c **** /* USER CODE BEGIN PV */
  44:../../Appli/Core/Src/stm32n6xx_it.c **** 
  45:../../Appli/Core/Src/stm32n6xx_it.c **** /* USER CODE END PV */
  46:../../Appli/Core/Src/stm32n6xx_it.c **** 
  47:../../Appli/Core/Src/stm32n6xx_it.c **** /* Private function prototypes -----------------------------------------------*/
  48:../../Appli/Core/Src/stm32n6xx_it.c **** /* USER CODE BEGIN PFP */
  49:../../Appli/Core/Src/stm32n6xx_it.c **** 
  50:../../Appli/Core/Src/stm32n6xx_it.c **** /* USER CODE END PFP */
  51:../../Appli/Core/Src/stm32n6xx_it.c **** 
  52:../../Appli/Core/Src/stm32n6xx_it.c **** /* Private user code ---------------------------------------------------------*/
  53:../../Appli/Core/Src/stm32n6xx_it.c **** /* USER CODE BEGIN 0 */
  54:../../Appli/Core/Src/stm32n6xx_it.c **** 
  55:../../Appli/Core/Src/stm32n6xx_it.c **** /* USER CODE END 0 */
  56:../../Appli/Core/Src/stm32n6xx_it.c **** 
  57:../../Appli/Core/Src/stm32n6xx_it.c **** /* External variables --------------------------------------------------------*/
  58:../../Appli/Core/Src/stm32n6xx_it.c **** 
  59:../../Appli/Core/Src/stm32n6xx_it.c **** /* USER CODE BEGIN EV */
  60:../../Appli/Core/Src/stm32n6xx_it.c **** 
  61:../../Appli/Core/Src/stm32n6xx_it.c **** /* USER CODE END EV */
  62:../../Appli/Core/Src/stm32n6xx_it.c **** 
  63:../../Appli/Core/Src/stm32n6xx_it.c **** /******************************************************************************/
  64:../../Appli/Core/Src/stm32n6xx_it.c **** /*           Cortex Processor Interruption and Exception Handlers          */
  65:../../Appli/Core/Src/stm32n6xx_it.c **** /******************************************************************************/
  66:../../Appli/Core/Src/stm32n6xx_it.c **** /**
  67:../../Appli/Core/Src/stm32n6xx_it.c ****   * @brief This function handles Non maskable interrupt.
  68:../../Appli/Core/Src/stm32n6xx_it.c ****   */
  69:../../Appli/Core/Src/stm32n6xx_it.c **** void NMI_Handler(void)
  70:../../Appli/Core/Src/stm32n6xx_it.c **** {
  34              		.loc 1 70 1 view -0
  35              		.cfi_startproc
  36              		@ Volatile: function does not return.
  37              		@ args = 0, pretend = 0, frame = 0
  38              		@ frame_needed = 0, uses_anonymous_args = 0
  39              		@ link register save eliminated.
  40              	.L2:
  71:../../Appli/Core/Src/stm32n6xx_it.c ****   /* USER CODE BEGIN NonMaskableInt_IRQn 0 */
  72:../../Appli/Core/Src/stm32n6xx_it.c **** 
  73:../../Appli/Core/Src/stm32n6xx_it.c ****   /* USER CODE END NonMaskableInt_IRQn 0 */
  74:../../Appli/Core/Src/stm32n6xx_it.c ****   /* USER CODE BEGIN NonMaskableInt_IRQn 1 */
  75:../../Appli/Core/Src/stm32n6xx_it.c ****    while (1)
ARM GAS  C:\Users\SMART\AppData\Local\Temp\ccoFHOex.s 			page 3


  41              		.loc 1 75 4 view .LVU1
  76:../../Appli/Core/Src/stm32n6xx_it.c ****   {
  77:../../Appli/Core/Src/stm32n6xx_it.c ****   }
  42              		.loc 1 77 3 view .LVU2
  75:../../Appli/Core/Src/stm32n6xx_it.c ****   {
  43              		.loc 1 75 10 view .LVU3
  44 0000 FEE7     		b	.L2
  45              		.cfi_endproc
  46              	.LFE862:
  48              		.section	.text.HardFault_Handler,"ax",%progbits
  49              		.align	1
  50              		.global	HardFault_Handler
  51              		.syntax unified
  52              		.thumb
  53              		.thumb_func
  55              	HardFault_Handler:
  56              	.LFB863:
  78:../../Appli/Core/Src/stm32n6xx_it.c ****   /* USER CODE END NonMaskableInt_IRQn 1 */
  79:../../Appli/Core/Src/stm32n6xx_it.c **** }
  80:../../Appli/Core/Src/stm32n6xx_it.c **** 
  81:../../Appli/Core/Src/stm32n6xx_it.c **** /**
  82:../../Appli/Core/Src/stm32n6xx_it.c ****   * @brief This function handles Hard fault interrupt.
  83:../../Appli/Core/Src/stm32n6xx_it.c ****   */
  84:../../Appli/Core/Src/stm32n6xx_it.c **** void HardFault_Handler(void)
  85:../../Appli/Core/Src/stm32n6xx_it.c **** {
  57              		.loc 1 85 1 view -0
  58              		.cfi_startproc
  59              		@ Volatile: function does not return.
  60              		@ args = 0, pretend = 0, frame = 0
  61              		@ frame_needed = 0, uses_anonymous_args = 0
  62              		@ link register save eliminated.
  63              	.L4:
  86:../../Appli/Core/Src/stm32n6xx_it.c ****   /* USER CODE BEGIN HardFault_IRQn 0 */
  87:../../Appli/Core/Src/stm32n6xx_it.c **** 
  88:../../Appli/Core/Src/stm32n6xx_it.c ****   /* USER CODE END HardFault_IRQn 0 */
  89:../../Appli/Core/Src/stm32n6xx_it.c ****   while (1)
  64              		.loc 1 89 3 view .LVU5
  90:../../Appli/Core/Src/stm32n6xx_it.c ****   {
  91:../../Appli/Core/Src/stm32n6xx_it.c ****     /* USER CODE BEGIN W1_HardFault_IRQn 0 */
  92:../../Appli/Core/Src/stm32n6xx_it.c ****     /* USER CODE END W1_HardFault_IRQn 0 */
  93:../../Appli/Core/Src/stm32n6xx_it.c ****   }
  65              		.loc 1 93 3 view .LVU6
  89:../../Appli/Core/Src/stm32n6xx_it.c ****   {
  66              		.loc 1 89 9 view .LVU7
  67 0000 FEE7     		b	.L4
  68              		.cfi_endproc
  69              	.LFE863:
  71              		.section	.text.MemManage_Handler,"ax",%progbits
  72              		.align	1
  73              		.global	MemManage_Handler
  74              		.syntax unified
  75              		.thumb
  76              		.thumb_func
  78              	MemManage_Handler:
  79              	.LFB864:
  94:../../Appli/Core/Src/stm32n6xx_it.c **** }
  95:../../Appli/Core/Src/stm32n6xx_it.c **** 
ARM GAS  C:\Users\SMART\AppData\Local\Temp\ccoFHOex.s 			page 4


  96:../../Appli/Core/Src/stm32n6xx_it.c **** /**
  97:../../Appli/Core/Src/stm32n6xx_it.c ****   * @brief This function handles Memory management fault.
  98:../../Appli/Core/Src/stm32n6xx_it.c ****   */
  99:../../Appli/Core/Src/stm32n6xx_it.c **** void MemManage_Handler(void)
 100:../../Appli/Core/Src/stm32n6xx_it.c **** {
  80              		.loc 1 100 1 view -0
  81              		.cfi_startproc
  82              		@ Volatile: function does not return.
  83              		@ args = 0, pretend = 0, frame = 0
  84              		@ frame_needed = 0, uses_anonymous_args = 0
  85              		@ link register save eliminated.
  86              	.L6:
 101:../../Appli/Core/Src/stm32n6xx_it.c ****   /* USER CODE BEGIN MemoryManagement_IRQn 0 */
 102:../../Appli/Core/Src/stm32n6xx_it.c **** 
 103:../../Appli/Core/Src/stm32n6xx_it.c ****   /* USER CODE END MemoryManagement_IRQn 0 */
 104:../../Appli/Core/Src/stm32n6xx_it.c ****   while (1)
  87              		.loc 1 104 3 view .LVU9
 105:../../Appli/Core/Src/stm32n6xx_it.c ****   {
 106:../../Appli/Core/Src/stm32n6xx_it.c ****     /* USER CODE BEGIN W1_MemoryManagement_IRQn 0 */
 107:../../Appli/Core/Src/stm32n6xx_it.c ****     /* USER CODE END W1_MemoryManagement_IRQn 0 */
 108:../../Appli/Core/Src/stm32n6xx_it.c ****   }
  88              		.loc 1 108 3 view .LVU10
 104:../../Appli/Core/Src/stm32n6xx_it.c ****   {
  89              		.loc 1 104 9 view .LVU11
  90 0000 FEE7     		b	.L6
  91              		.cfi_endproc
  92              	.LFE864:
  94              		.section	.text.BusFault_Handler,"ax",%progbits
  95              		.align	1
  96              		.global	BusFault_Handler
  97              		.syntax unified
  98              		.thumb
  99              		.thumb_func
 101              	BusFault_Handler:
 102              	.LFB865:
 109:../../Appli/Core/Src/stm32n6xx_it.c **** }
 110:../../Appli/Core/Src/stm32n6xx_it.c **** 
 111:../../Appli/Core/Src/stm32n6xx_it.c **** /**
 112:../../Appli/Core/Src/stm32n6xx_it.c ****   * @brief This function handles Prefetch fault, memory access fault.
 113:../../Appli/Core/Src/stm32n6xx_it.c ****   */
 114:../../Appli/Core/Src/stm32n6xx_it.c **** void BusFault_Handler(void)
 115:../../Appli/Core/Src/stm32n6xx_it.c **** {
 103              		.loc 1 115 1 view -0
 104              		.cfi_startproc
 105              		@ Volatile: function does not return.
 106              		@ args = 0, pretend = 0, frame = 0
 107              		@ frame_needed = 0, uses_anonymous_args = 0
 108              		@ link register save eliminated.
 109              	.L8:
 116:../../Appli/Core/Src/stm32n6xx_it.c ****   /* USER CODE BEGIN BusFault_IRQn 0 */
 117:../../Appli/Core/Src/stm32n6xx_it.c **** 
 118:../../Appli/Core/Src/stm32n6xx_it.c ****   /* USER CODE END BusFault_IRQn 0 */
 119:../../Appli/Core/Src/stm32n6xx_it.c ****   while (1)
 110              		.loc 1 119 3 view .LVU13
 120:../../Appli/Core/Src/stm32n6xx_it.c ****   {
 121:../../Appli/Core/Src/stm32n6xx_it.c ****     /* USER CODE BEGIN W1_BusFault_IRQn 0 */
 122:../../Appli/Core/Src/stm32n6xx_it.c ****     /* USER CODE END W1_BusFault_IRQn 0 */
ARM GAS  C:\Users\SMART\AppData\Local\Temp\ccoFHOex.s 			page 5


 123:../../Appli/Core/Src/stm32n6xx_it.c ****   }
 111              		.loc 1 123 3 view .LVU14
 119:../../Appli/Core/Src/stm32n6xx_it.c ****   {
 112              		.loc 1 119 9 view .LVU15
 113 0000 FEE7     		b	.L8
 114              		.cfi_endproc
 115              	.LFE865:
 117              		.section	.text.UsageFault_Handler,"ax",%progbits
 118              		.align	1
 119              		.global	UsageFault_Handler
 120              		.syntax unified
 121              		.thumb
 122              		.thumb_func
 124              	UsageFault_Handler:
 125              	.LFB866:
 124:../../Appli/Core/Src/stm32n6xx_it.c **** }
 125:../../Appli/Core/Src/stm32n6xx_it.c **** 
 126:../../Appli/Core/Src/stm32n6xx_it.c **** /**
 127:../../Appli/Core/Src/stm32n6xx_it.c ****   * @brief This function handles Undefined instruction or illegal state.
 128:../../Appli/Core/Src/stm32n6xx_it.c ****   */
 129:../../Appli/Core/Src/stm32n6xx_it.c **** void UsageFault_Handler(void)
 130:../../Appli/Core/Src/stm32n6xx_it.c **** {
 126              		.loc 1 130 1 view -0
 127              		.cfi_startproc
 128              		@ Volatile: function does not return.
 129              		@ args = 0, pretend = 0, frame = 0
 130              		@ frame_needed = 0, uses_anonymous_args = 0
 131              		@ link register save eliminated.
 132              	.L10:
 131:../../Appli/Core/Src/stm32n6xx_it.c ****   /* USER CODE BEGIN UsageFault_IRQn 0 */
 132:../../Appli/Core/Src/stm32n6xx_it.c **** 
 133:../../Appli/Core/Src/stm32n6xx_it.c ****   /* USER CODE END UsageFault_IRQn 0 */
 134:../../Appli/Core/Src/stm32n6xx_it.c ****   while (1)
 133              		.loc 1 134 3 view .LVU17
 135:../../Appli/Core/Src/stm32n6xx_it.c ****   {
 136:../../Appli/Core/Src/stm32n6xx_it.c ****     /* USER CODE BEGIN W1_UsageFault_IRQn 0 */
 137:../../Appli/Core/Src/stm32n6xx_it.c ****     /* USER CODE END W1_UsageFault_IRQn 0 */
 138:../../Appli/Core/Src/stm32n6xx_it.c ****   }
 134              		.loc 1 138 3 view .LVU18
 134:../../Appli/Core/Src/stm32n6xx_it.c ****   {
 135              		.loc 1 134 9 view .LVU19
 136 0000 FEE7     		b	.L10
 137              		.cfi_endproc
 138              	.LFE866:
 140              		.section	.text.SecureFault_Handler,"ax",%progbits
 141              		.align	1
 142              		.global	SecureFault_Handler
 143              		.syntax unified
 144              		.thumb
 145              		.thumb_func
 147              	SecureFault_Handler:
 148              	.LFB867:
 139:../../Appli/Core/Src/stm32n6xx_it.c **** }
 140:../../Appli/Core/Src/stm32n6xx_it.c **** 
 141:../../Appli/Core/Src/stm32n6xx_it.c **** /**
 142:../../Appli/Core/Src/stm32n6xx_it.c ****   * @brief This function handles Secure fault.
 143:../../Appli/Core/Src/stm32n6xx_it.c ****   */
ARM GAS  C:\Users\SMART\AppData\Local\Temp\ccoFHOex.s 			page 6


 144:../../Appli/Core/Src/stm32n6xx_it.c **** void SecureFault_Handler(void)
 145:../../Appli/Core/Src/stm32n6xx_it.c **** {
 149              		.loc 1 145 1 view -0
 150              		.cfi_startproc
 151              		@ Volatile: function does not return.
 152              		@ args = 0, pretend = 0, frame = 0
 153              		@ frame_needed = 0, uses_anonymous_args = 0
 154              		@ link register save eliminated.
 155              	.L12:
 146:../../Appli/Core/Src/stm32n6xx_it.c ****   /* USER CODE BEGIN SecureFault_IRQn 0 */
 147:../../Appli/Core/Src/stm32n6xx_it.c **** 
 148:../../Appli/Core/Src/stm32n6xx_it.c ****   /* USER CODE END SecureFault_IRQn 0 */
 149:../../Appli/Core/Src/stm32n6xx_it.c ****   while (1)
 156              		.loc 1 149 3 view .LVU21
 150:../../Appli/Core/Src/stm32n6xx_it.c ****   {
 151:../../Appli/Core/Src/stm32n6xx_it.c ****     /* USER CODE BEGIN W1_SecureFault_IRQn 0 */
 152:../../Appli/Core/Src/stm32n6xx_it.c ****     /* USER CODE END W1_SecureFault_IRQn 0 */
 153:../../Appli/Core/Src/stm32n6xx_it.c ****   }
 157              		.loc 1 153 3 view .LVU22
 149:../../Appli/Core/Src/stm32n6xx_it.c ****   {
 158              		.loc 1 149 9 view .LVU23
 159 0000 FEE7     		b	.L12
 160              		.cfi_endproc
 161              	.LFE867:
 163              		.section	.text.DebugMon_Handler,"ax",%progbits
 164              		.align	1
 165              		.global	DebugMon_Handler
 166              		.syntax unified
 167              		.thumb
 168              		.thumb_func
 170              	DebugMon_Handler:
 171              	.LFB868:
 154:../../Appli/Core/Src/stm32n6xx_it.c **** }
 155:../../Appli/Core/Src/stm32n6xx_it.c **** 
 156:../../Appli/Core/Src/stm32n6xx_it.c **** /**
 157:../../Appli/Core/Src/stm32n6xx_it.c ****   * @brief This function handles Debug monitor.
 158:../../Appli/Core/Src/stm32n6xx_it.c ****   */
 159:../../Appli/Core/Src/stm32n6xx_it.c **** void DebugMon_Handler(void)
 160:../../Appli/Core/Src/stm32n6xx_it.c **** {
 172              		.loc 1 160 1 view -0
 173              		.cfi_startproc
 174              		@ args = 0, pretend = 0, frame = 0
 175              		@ frame_needed = 0, uses_anonymous_args = 0
 176              		@ link register save eliminated.
 161:../../Appli/Core/Src/stm32n6xx_it.c ****   /* USER CODE BEGIN DebugMonitor_IRQn 0 */
 162:../../Appli/Core/Src/stm32n6xx_it.c **** 
 163:../../Appli/Core/Src/stm32n6xx_it.c ****   /* USER CODE END DebugMonitor_IRQn 0 */
 164:../../Appli/Core/Src/stm32n6xx_it.c ****   /* USER CODE BEGIN DebugMonitor_IRQn 1 */
 165:../../Appli/Core/Src/stm32n6xx_it.c **** 
 166:../../Appli/Core/Src/stm32n6xx_it.c ****   /* USER CODE END DebugMonitor_IRQn 1 */
 167:../../Appli/Core/Src/stm32n6xx_it.c **** }
 177              		.loc 1 167 1 view .LVU25
 178 0000 7047     		bx	lr
 179              		.cfi_endproc
 180              	.LFE868:
 182              		.text
 183              	.Letext0:
ARM GAS  C:\Users\SMART\AppData\Local\Temp\ccoFHOex.s 			page 7


ARM GAS  C:\Users\SMART\AppData\Local\Temp\ccoFHOex.s 			page 8


DEFINED SYMBOLS
                            *ABS*:00000000 stm32n6xx_it.c
C:\Users\SMART\AppData\Local\Temp\ccoFHOex.s:26     .text.NMI_Handler:00000000 $t
C:\Users\SMART\AppData\Local\Temp\ccoFHOex.s:32     .text.NMI_Handler:00000000 NMI_Handler
C:\Users\SMART\AppData\Local\Temp\ccoFHOex.s:49     .text.HardFault_Handler:00000000 $t
C:\Users\SMART\AppData\Local\Temp\ccoFHOex.s:55     .text.HardFault_Handler:00000000 HardFault_Handler
C:\Users\SMART\AppData\Local\Temp\ccoFHOex.s:72     .text.MemManage_Handler:00000000 $t
C:\Users\SMART\AppData\Local\Temp\ccoFHOex.s:78     .text.MemManage_Handler:00000000 MemManage_Handler
C:\Users\SMART\AppData\Local\Temp\ccoFHOex.s:95     .text.BusFault_Handler:00000000 $t
C:\Users\SMART\AppData\Local\Temp\ccoFHOex.s:101    .text.BusFault_Handler:00000000 BusFault_Handler
C:\Users\SMART\AppData\Local\Temp\ccoFHOex.s:118    .text.UsageFault_Handler:00000000 $t
C:\Users\SMART\AppData\Local\Temp\ccoFHOex.s:124    .text.UsageFault_Handler:00000000 UsageFault_Handler
C:\Users\SMART\AppData\Local\Temp\ccoFHOex.s:141    .text.SecureFault_Handler:00000000 $t
C:\Users\SMART\AppData\Local\Temp\ccoFHOex.s:147    .text.SecureFault_Handler:00000000 SecureFault_Handler
C:\Users\SMART\AppData\Local\Temp\ccoFHOex.s:164    .text.DebugMon_Handler:00000000 $t
C:\Users\SMART\AppData\Local\Temp\ccoFHOex.s:170    .text.DebugMon_Handler:00000000 DebugMon_Handler

NO UNDEFINED SYMBOLS
