ARM GAS  C:\Users\SMART\AppData\Local\Temp\cccidwig.s 			page 1


   1              		.arch armv8.1-m.main
   2              		.fpu fpv5-d16
   3              		.arch_extension dsp
   4              		.arch_extension fp
   5              		.arch_extension fp.dp
   6              		.arch_extension mve
   7              		.arch_extension mve.fp
   8              		.eabi_attribute 5, "cortex-m55"
   9              		.eabi_attribute 28, 1
  10              		.eabi_attribute 20, 1
  11              		.eabi_attribute 21, 1
  12              		.eabi_attribute 23, 3
  13              		.eabi_attribute 24, 1
  14              		.eabi_attribute 25, 1
  15              		.eabi_attribute 26, 1
  16              		.eabi_attribute 30, 1
  17              		.eabi_attribute 34, 1
  18              		.eabi_attribute 38, 1
  19              		.eabi_attribute 18, 4
  20              		.file	"syscalls.c"
  21              		.text
  22              	.Ltext0:
  23              		.cfi_sections	.debug_frame
  24              		.file 1 "../../Appli/Core/Src/syscalls.c"
  25              		.section	.text.initialise_monitor_handles,"ax",%progbits
  26              		.align	1
  27              		.global	initialise_monitor_handles
  28              		.syntax unified
  29              		.thumb
  30              		.thumb_func
  32              	initialise_monitor_handles:
  33              	.LFB25:
   1:../../Appli/Core/Src/syscalls.c **** /**
   2:../../Appli/Core/Src/syscalls.c ****  ******************************************************************************
   3:../../Appli/Core/Src/syscalls.c ****  * @file      syscalls.c
   4:../../Appli/Core/Src/syscalls.c ****  * @author    Auto-generated by STM32CubeMX
   5:../../Appli/Core/Src/syscalls.c ****  * @brief     Minimal System calls file
   6:../../Appli/Core/Src/syscalls.c ****  *
   7:../../Appli/Core/Src/syscalls.c ****  *            For more information about which c-functions
   8:../../Appli/Core/Src/syscalls.c ****  *            need which of these lowlevel functions
   9:../../Appli/Core/Src/syscalls.c ****  *            please consult the Newlib or Picolibc libc-manual
  10:../../Appli/Core/Src/syscalls.c ****  ******************************************************************************
  11:../../Appli/Core/Src/syscalls.c ****  * @attention
  12:../../Appli/Core/Src/syscalls.c ****  *
  13:../../Appli/Core/Src/syscalls.c ****  * Copyright (c) 2020-2025 STMicroelectronics.
  14:../../Appli/Core/Src/syscalls.c ****  * All rights reserved.
  15:../../Appli/Core/Src/syscalls.c ****  *
  16:../../Appli/Core/Src/syscalls.c ****  * This software is licensed under terms that can be found in the LICENSE file
  17:../../Appli/Core/Src/syscalls.c ****  * in the root directory of this software component.
  18:../../Appli/Core/Src/syscalls.c ****  * If no LICENSE file comes with this software, it is provided AS-IS.
  19:../../Appli/Core/Src/syscalls.c ****  *
  20:../../Appli/Core/Src/syscalls.c ****  ******************************************************************************
  21:../../Appli/Core/Src/syscalls.c ****  */
  22:../../Appli/Core/Src/syscalls.c **** 
  23:../../Appli/Core/Src/syscalls.c **** /* Includes */
  24:../../Appli/Core/Src/syscalls.c **** #include <sys/stat.h>
  25:../../Appli/Core/Src/syscalls.c **** #include <stdlib.h>
ARM GAS  C:\Users\SMART\AppData\Local\Temp\cccidwig.s 			page 2


  26:../../Appli/Core/Src/syscalls.c **** #include <errno.h>
  27:../../Appli/Core/Src/syscalls.c **** #include <stdio.h>
  28:../../Appli/Core/Src/syscalls.c **** #include <signal.h>
  29:../../Appli/Core/Src/syscalls.c **** #include <time.h>
  30:../../Appli/Core/Src/syscalls.c **** #include <sys/time.h>
  31:../../Appli/Core/Src/syscalls.c **** #include <sys/times.h>
  32:../../Appli/Core/Src/syscalls.c **** 
  33:../../Appli/Core/Src/syscalls.c **** 
  34:../../Appli/Core/Src/syscalls.c **** /* Variables */
  35:../../Appli/Core/Src/syscalls.c **** extern int __io_putchar(int ch) __attribute__((weak));
  36:../../Appli/Core/Src/syscalls.c **** extern int __io_getchar(void) __attribute__((weak));
  37:../../Appli/Core/Src/syscalls.c **** 
  38:../../Appli/Core/Src/syscalls.c **** 
  39:../../Appli/Core/Src/syscalls.c **** char *__env[1] = { 0 };
  40:../../Appli/Core/Src/syscalls.c **** char **environ = __env;
  41:../../Appli/Core/Src/syscalls.c **** 
  42:../../Appli/Core/Src/syscalls.c **** 
  43:../../Appli/Core/Src/syscalls.c **** /* Functions */
  44:../../Appli/Core/Src/syscalls.c **** void initialise_monitor_handles()
  45:../../Appli/Core/Src/syscalls.c **** {
  34              		.loc 1 45 1 view -0
  35              		.cfi_startproc
  36              		@ args = 0, pretend = 0, frame = 0
  37              		@ frame_needed = 0, uses_anonymous_args = 0
  38              		@ link register save eliminated.
  46:../../Appli/Core/Src/syscalls.c **** }
  39              		.loc 1 46 1 view .LVU1
  40 0000 7047     		bx	lr
  41              		.cfi_endproc
  42              	.LFE25:
  44              		.section	.text._getpid,"ax",%progbits
  45              		.align	1
  46              		.global	_getpid
  47              		.syntax unified
  48              		.thumb
  49              		.thumb_func
  51              	_getpid:
  52              	.LFB26:
  47:../../Appli/Core/Src/syscalls.c **** 
  48:../../Appli/Core/Src/syscalls.c **** int _getpid(void)
  49:../../Appli/Core/Src/syscalls.c **** {
  53              		.loc 1 49 1 view -0
  54              		.cfi_startproc
  55              		@ args = 0, pretend = 0, frame = 0
  56              		@ frame_needed = 0, uses_anonymous_args = 0
  57              		@ link register save eliminated.
  50:../../Appli/Core/Src/syscalls.c ****   return 1;
  58              		.loc 1 50 3 view .LVU3
  51:../../Appli/Core/Src/syscalls.c **** }
  59              		.loc 1 51 1 is_stmt 0 view .LVU4
  60 0000 0120     		movs	r0, #1
  61 0002 7047     		bx	lr
  62              		.cfi_endproc
  63              	.LFE26:
  65              		.section	.text._kill,"ax",%progbits
  66              		.align	1
  67              		.global	_kill
ARM GAS  C:\Users\SMART\AppData\Local\Temp\cccidwig.s 			page 3


  68              		.syntax unified
  69              		.thumb
  70              		.thumb_func
  72              	_kill:
  73              	.LVL0:
  74              	.LFB27:
  52:../../Appli/Core/Src/syscalls.c **** 
  53:../../Appli/Core/Src/syscalls.c **** int _kill(int pid, int sig)
  54:../../Appli/Core/Src/syscalls.c **** {
  75              		.loc 1 54 1 is_stmt 1 view -0
  76              		.cfi_startproc
  77              		@ args = 0, pretend = 0, frame = 0
  78              		@ frame_needed = 0, uses_anonymous_args = 0
  79              		.loc 1 54 1 is_stmt 0 view .LVU6
  80 0000 08B5     		push	{r3, lr}
  81              	.LCFI0:
  82              		.cfi_def_cfa_offset 8
  83              		.cfi_offset 3, -8
  84              		.cfi_offset 14, -4
  55:../../Appli/Core/Src/syscalls.c ****   (void)pid;
  85              		.loc 1 55 3 is_stmt 1 view .LVU7
  56:../../Appli/Core/Src/syscalls.c ****   (void)sig;
  86              		.loc 1 56 3 view .LVU8
  57:../../Appli/Core/Src/syscalls.c ****   errno = EINVAL;
  87              		.loc 1 57 3 view .LVU9
  88 0002 FFF7FEFF 		bl	__errno
  89              	.LVL1:
  90              		.loc 1 57 9 is_stmt 0 discriminator 1 view .LVU10
  91 0006 1623     		movs	r3, #22
  92 0008 0360     		str	r3, [r0]
  58:../../Appli/Core/Src/syscalls.c ****   return -1;
  93              		.loc 1 58 3 is_stmt 1 view .LVU11
  59:../../Appli/Core/Src/syscalls.c **** }
  94              		.loc 1 59 1 is_stmt 0 view .LVU12
  95 000a 4FF0FF30 		mov	r0, #-1
  96 000e 08BD     		pop	{r3, pc}
  97              		.cfi_endproc
  98              	.LFE27:
 100              		.section	.text._exit,"ax",%progbits
 101              		.align	1
 102              		.global	_exit
 103              		.syntax unified
 104              		.thumb
 105              		.thumb_func
 107              	_exit:
 108              	.LVL2:
 109              	.LFB28:
  60:../../Appli/Core/Src/syscalls.c **** 
  61:../../Appli/Core/Src/syscalls.c **** void _exit (int status)
  62:../../Appli/Core/Src/syscalls.c **** {
 110              		.loc 1 62 1 is_stmt 1 view -0
 111              		.cfi_startproc
 112              		@ Volatile: function does not return.
 113              		@ args = 0, pretend = 0, frame = 0
 114              		@ frame_needed = 0, uses_anonymous_args = 0
 115              		.loc 1 62 1 is_stmt 0 view .LVU14
 116 0000 08B5     		push	{r3, lr}
ARM GAS  C:\Users\SMART\AppData\Local\Temp\cccidwig.s 			page 4


 117              	.LCFI1:
 118              		.cfi_def_cfa_offset 8
 119              		.cfi_offset 3, -8
 120              		.cfi_offset 14, -4
  63:../../Appli/Core/Src/syscalls.c ****   _kill(status, -1);
 121              		.loc 1 63 3 is_stmt 1 view .LVU15
 122 0002 4FF0FF31 		mov	r1, #-1
 123 0006 FFF7FEFF 		bl	_kill
 124              	.LVL3:
 125              	.L6:
  64:../../Appli/Core/Src/syscalls.c ****   while (1) {}    /* Make sure we hang here */
 126              		.loc 1 64 3 view .LVU16
 127              		.loc 1 64 14 view .LVU17
 128              		.loc 1 64 9 view .LVU18
 129 000a FEE7     		b	.L6
 130              		.cfi_endproc
 131              	.LFE28:
 133              		.section	.text._read,"ax",%progbits
 134              		.align	1
 135              		.weak	_read
 136              		.syntax unified
 137              		.thumb
 138              		.thumb_func
 140              	_read:
 141              	.LVL4:
 142              	.LFB29:
  65:../../Appli/Core/Src/syscalls.c **** }
  66:../../Appli/Core/Src/syscalls.c **** 
  67:../../Appli/Core/Src/syscalls.c **** __attribute__((weak)) int _read(int file, char *ptr, int len)
  68:../../Appli/Core/Src/syscalls.c **** {
 143              		.loc 1 68 1 view -0
 144              		.cfi_startproc
 145              		@ args = 0, pretend = 0, frame = 0
 146              		@ frame_needed = 0, uses_anonymous_args = 0
 147              		.loc 1 68 1 is_stmt 0 view .LVU20
 148 0000 70B5     		push	{r4, r5, r6, lr}
 149              	.LCFI2:
 150              		.cfi_def_cfa_offset 16
 151              		.cfi_offset 4, -16
 152              		.cfi_offset 5, -12
 153              		.cfi_offset 6, -8
 154              		.cfi_offset 14, -4
 155 0002 0C46     		mov	r4, r1
 156 0004 1646     		mov	r6, r2
  69:../../Appli/Core/Src/syscalls.c ****   (void)file;
 157              		.loc 1 69 3 is_stmt 1 view .LVU21
  70:../../Appli/Core/Src/syscalls.c ****   int DataIdx;
 158              		.loc 1 70 3 view .LVU22
  71:../../Appli/Core/Src/syscalls.c **** 
  72:../../Appli/Core/Src/syscalls.c ****   for (DataIdx = 0; DataIdx < len; DataIdx++)
 159              		.loc 1 72 3 view .LVU23
 160              	.LVL5:
 161              		.loc 1 72 16 is_stmt 0 view .LVU24
 162 0006 0025     		movs	r5, #0
 163              		.loc 1 72 3 view .LVU25
 164 0008 06E0     		b	.L9
 165              	.LVL6:
ARM GAS  C:\Users\SMART\AppData\Local\Temp\cccidwig.s 			page 5


 166              	.L10:
  73:../../Appli/Core/Src/syscalls.c ****   {
  74:../../Appli/Core/Src/syscalls.c ****     *ptr++ = __io_getchar();
 167              		.loc 1 74 5 is_stmt 1 view .LVU26
 168              		.loc 1 74 14 is_stmt 0 view .LVU27
 169 000a FFF7FEFF 		bl	__io_getchar
 170              	.LVL7:
 171              		.loc 1 74 9 discriminator 1 view .LVU28
 172 000e 2146     		mov	r1, r4
 173              	.LVL8:
 174              		.loc 1 74 12 discriminator 1 view .LVU29
 175 0010 01F8010B 		strb	r0, [r1], #1
 176              	.LVL9:
  72:../../Appli/Core/Src/syscalls.c ****   {
 177              		.loc 1 72 43 is_stmt 1 discriminator 3 view .LVU30
 178 0014 0135     		adds	r5, r5, #1
 179              	.LVL10:
 180              		.loc 1 74 9 is_stmt 0 discriminator 1 view .LVU31
 181 0016 0C46     		mov	r4, r1
 182              	.LVL11:
 183              	.L9:
  72:../../Appli/Core/Src/syscalls.c ****   {
 184              		.loc 1 72 29 is_stmt 1 discriminator 1 view .LVU32
 185 0018 B542     		cmp	r5, r6
 186 001a F6DB     		blt	.L10
  75:../../Appli/Core/Src/syscalls.c ****   }
  76:../../Appli/Core/Src/syscalls.c **** 
  77:../../Appli/Core/Src/syscalls.c ****   return len;
 187              		.loc 1 77 3 view .LVU33
  78:../../Appli/Core/Src/syscalls.c **** }
 188              		.loc 1 78 1 is_stmt 0 view .LVU34
 189 001c 3046     		mov	r0, r6
 190 001e 70BD     		pop	{r4, r5, r6, pc}
 191              		.loc 1 78 1 view .LVU35
 192              		.cfi_endproc
 193              	.LFE29:
 195              		.section	.text._write,"ax",%progbits
 196              		.align	1
 197              		.weak	_write
 198              		.syntax unified
 199              		.thumb
 200              		.thumb_func
 202              	_write:
 203              	.LVL12:
 204              	.LFB30:
  79:../../Appli/Core/Src/syscalls.c **** 
  80:../../Appli/Core/Src/syscalls.c **** __attribute__((weak)) int _write(int file, char *ptr, int len)
  81:../../Appli/Core/Src/syscalls.c **** {
 205              		.loc 1 81 1 is_stmt 1 view -0
 206              		.cfi_startproc
 207              		@ args = 0, pretend = 0, frame = 0
 208              		@ frame_needed = 0, uses_anonymous_args = 0
 209              		.loc 1 81 1 is_stmt 0 view .LVU37
 210 0000 70B5     		push	{r4, r5, r6, lr}
 211              	.LCFI3:
 212              		.cfi_def_cfa_offset 16
 213              		.cfi_offset 4, -16
ARM GAS  C:\Users\SMART\AppData\Local\Temp\cccidwig.s 			page 6


 214              		.cfi_offset 5, -12
 215              		.cfi_offset 6, -8
 216              		.cfi_offset 14, -4
 217 0002 0C46     		mov	r4, r1
 218 0004 1646     		mov	r6, r2
  82:../../Appli/Core/Src/syscalls.c ****   (void)file;
 219              		.loc 1 82 3 is_stmt 1 view .LVU38
  83:../../Appli/Core/Src/syscalls.c ****   int DataIdx;
 220              		.loc 1 83 3 view .LVU39
  84:../../Appli/Core/Src/syscalls.c **** 
  85:../../Appli/Core/Src/syscalls.c ****   for (DataIdx = 0; DataIdx < len; DataIdx++)
 221              		.loc 1 85 3 view .LVU40
 222              	.LVL13:
 223              		.loc 1 85 16 is_stmt 0 view .LVU41
 224 0006 0025     		movs	r5, #0
 225              		.loc 1 85 3 view .LVU42
 226 0008 04E0     		b	.L13
 227              	.LVL14:
 228              	.L14:
  86:../../Appli/Core/Src/syscalls.c ****   {
  87:../../Appli/Core/Src/syscalls.c ****     __io_putchar(*ptr++);
 229              		.loc 1 87 5 is_stmt 1 view .LVU43
 230              		.loc 1 87 5 is_stmt 0 view .LVU44
 231 000a 14F8010B 		ldrb	r0, [r4], #1	@ zero_extendqisi2
 232              	.LVL15:
 233              		.loc 1 87 5 view .LVU45
 234 000e FFF7FEFF 		bl	__io_putchar
 235              	.LVL16:
  85:../../Appli/Core/Src/syscalls.c ****   {
 236              		.loc 1 85 43 is_stmt 1 discriminator 3 view .LVU46
 237 0012 0135     		adds	r5, r5, #1
 238              	.LVL17:
 239              	.L13:
  85:../../Appli/Core/Src/syscalls.c ****   {
 240              		.loc 1 85 29 discriminator 1 view .LVU47
 241 0014 B542     		cmp	r5, r6
 242 0016 F8DB     		blt	.L14
  88:../../Appli/Core/Src/syscalls.c ****   }
  89:../../Appli/Core/Src/syscalls.c ****   return len;
 243              		.loc 1 89 3 view .LVU48
  90:../../Appli/Core/Src/syscalls.c **** }
 244              		.loc 1 90 1 is_stmt 0 view .LVU49
 245 0018 3046     		mov	r0, r6
 246 001a 70BD     		pop	{r4, r5, r6, pc}
 247              		.loc 1 90 1 view .LVU50
 248              		.cfi_endproc
 249              	.LFE30:
 251              		.section	.text._close,"ax",%progbits
 252              		.align	1
 253              		.global	_close
 254              		.syntax unified
 255              		.thumb
 256              		.thumb_func
 258              	_close:
 259              	.LVL18:
 260              	.LFB31:
  91:../../Appli/Core/Src/syscalls.c **** 
ARM GAS  C:\Users\SMART\AppData\Local\Temp\cccidwig.s 			page 7


  92:../../Appli/Core/Src/syscalls.c **** int _close(int file)
  93:../../Appli/Core/Src/syscalls.c **** {
 261              		.loc 1 93 1 is_stmt 1 view -0
 262              		.cfi_startproc
 263              		@ args = 0, pretend = 0, frame = 0
 264              		@ frame_needed = 0, uses_anonymous_args = 0
 265              		@ link register save eliminated.
  94:../../Appli/Core/Src/syscalls.c ****   (void)file;
 266              		.loc 1 94 3 view .LVU52
  95:../../Appli/Core/Src/syscalls.c ****   return -1;
 267              		.loc 1 95 3 view .LVU53
  96:../../Appli/Core/Src/syscalls.c **** }
 268              		.loc 1 96 1 is_stmt 0 view .LVU54
 269 0000 4FF0FF30 		mov	r0, #-1
 270              	.LVL19:
 271              		.loc 1 96 1 view .LVU55
 272 0004 7047     		bx	lr
 273              		.cfi_endproc
 274              	.LFE31:
 276              		.section	.text._fstat,"ax",%progbits
 277              		.align	1
 278              		.global	_fstat
 279              		.syntax unified
 280              		.thumb
 281              		.thumb_func
 283              	_fstat:
 284              	.LVL20:
 285              	.LFB32:
  97:../../Appli/Core/Src/syscalls.c **** 
  98:../../Appli/Core/Src/syscalls.c **** 
  99:../../Appli/Core/Src/syscalls.c **** int _fstat(int file, struct stat *st)
 100:../../Appli/Core/Src/syscalls.c **** {
 286              		.loc 1 100 1 is_stmt 1 view -0
 287              		.cfi_startproc
 288              		@ args = 0, pretend = 0, frame = 0
 289              		@ frame_needed = 0, uses_anonymous_args = 0
 290              		@ link register save eliminated.
 101:../../Appli/Core/Src/syscalls.c ****   (void)file;
 291              		.loc 1 101 3 view .LVU57
 102:../../Appli/Core/Src/syscalls.c ****   st->st_mode = S_IFCHR;
 292              		.loc 1 102 3 view .LVU58
 293              		.loc 1 102 15 is_stmt 0 view .LVU59
 294 0000 4FF40053 		mov	r3, #8192
 295 0004 4B60     		str	r3, [r1, #4]
 103:../../Appli/Core/Src/syscalls.c ****   return 0;
 296              		.loc 1 103 3 is_stmt 1 view .LVU60
 104:../../Appli/Core/Src/syscalls.c **** }
 297              		.loc 1 104 1 is_stmt 0 view .LVU61
 298 0006 0020     		movs	r0, #0
 299              	.LVL21:
 300              		.loc 1 104 1 view .LVU62
 301 0008 7047     		bx	lr
 302              		.cfi_endproc
 303              	.LFE32:
 305              		.section	.text._isatty,"ax",%progbits
 306              		.align	1
 307              		.global	_isatty
ARM GAS  C:\Users\SMART\AppData\Local\Temp\cccidwig.s 			page 8


 308              		.syntax unified
 309              		.thumb
 310              		.thumb_func
 312              	_isatty:
 313              	.LVL22:
 314              	.LFB33:
 105:../../Appli/Core/Src/syscalls.c **** 
 106:../../Appli/Core/Src/syscalls.c **** int _isatty(int file)
 107:../../Appli/Core/Src/syscalls.c **** {
 315              		.loc 1 107 1 is_stmt 1 view -0
 316              		.cfi_startproc
 317              		@ args = 0, pretend = 0, frame = 0
 318              		@ frame_needed = 0, uses_anonymous_args = 0
 319              		@ link register save eliminated.
 108:../../Appli/Core/Src/syscalls.c ****   (void)file;
 320              		.loc 1 108 3 view .LVU64
 109:../../Appli/Core/Src/syscalls.c ****   return 1;
 321              		.loc 1 109 3 view .LVU65
 110:../../Appli/Core/Src/syscalls.c **** }
 322              		.loc 1 110 1 is_stmt 0 view .LVU66
 323 0000 0120     		movs	r0, #1
 324              	.LVL23:
 325              		.loc 1 110 1 view .LVU67
 326 0002 7047     		bx	lr
 327              		.cfi_endproc
 328              	.LFE33:
 330              		.section	.text._lseek,"ax",%progbits
 331              		.align	1
 332              		.global	_lseek
 333              		.syntax unified
 334              		.thumb
 335              		.thumb_func
 337              	_lseek:
 338              	.LVL24:
 339              	.LFB34:
 111:../../Appli/Core/Src/syscalls.c **** 
 112:../../Appli/Core/Src/syscalls.c **** int _lseek(int file, int ptr, int dir)
 113:../../Appli/Core/Src/syscalls.c **** {
 340              		.loc 1 113 1 is_stmt 1 view -0
 341              		.cfi_startproc
 342              		@ args = 0, pretend = 0, frame = 0
 343              		@ frame_needed = 0, uses_anonymous_args = 0
 344              		@ link register save eliminated.
 114:../../Appli/Core/Src/syscalls.c ****   (void)file;
 345              		.loc 1 114 3 view .LVU69
 115:../../Appli/Core/Src/syscalls.c ****   (void)ptr;
 346              		.loc 1 115 3 view .LVU70
 116:../../Appli/Core/Src/syscalls.c ****   (void)dir;
 347              		.loc 1 116 3 view .LVU71
 117:../../Appli/Core/Src/syscalls.c ****   return 0;
 348              		.loc 1 117 3 view .LVU72
 118:../../Appli/Core/Src/syscalls.c **** }
 349              		.loc 1 118 1 is_stmt 0 view .LVU73
 350 0000 0020     		movs	r0, #0
 351              	.LVL25:
 352              		.loc 1 118 1 view .LVU74
 353 0002 7047     		bx	lr
ARM GAS  C:\Users\SMART\AppData\Local\Temp\cccidwig.s 			page 9


 354              		.cfi_endproc
 355              	.LFE34:
 357              		.section	.text._open,"ax",%progbits
 358              		.align	1
 359              		.global	_open
 360              		.syntax unified
 361              		.thumb
 362              		.thumb_func
 364              	_open:
 365              	.LVL26:
 366              	.LFB35:
 119:../../Appli/Core/Src/syscalls.c **** 
 120:../../Appli/Core/Src/syscalls.c **** int _open(char *path, int flags, ...)
 121:../../Appli/Core/Src/syscalls.c **** {
 367              		.loc 1 121 1 is_stmt 1 view -0
 368              		.cfi_startproc
 369              		@ args = 4, pretend = 12, frame = 0
 370              		@ frame_needed = 0, uses_anonymous_args = 1
 371              		@ link register save eliminated.
 372              		.loc 1 121 1 is_stmt 0 view .LVU76
 373 0000 0EB4     		push	{r1, r2, r3}
 374              	.LCFI4:
 375              		.cfi_def_cfa_offset 12
 376              		.cfi_offset 1, -12
 377              		.cfi_offset 2, -8
 378              		.cfi_offset 3, -4
 122:../../Appli/Core/Src/syscalls.c ****   (void)path;
 379              		.loc 1 122 3 is_stmt 1 view .LVU77
 123:../../Appli/Core/Src/syscalls.c ****   (void)flags;
 380              		.loc 1 123 3 view .LVU78
 124:../../Appli/Core/Src/syscalls.c ****   /* Pretend like we always fail */
 125:../../Appli/Core/Src/syscalls.c ****   return -1;
 381              		.loc 1 125 3 view .LVU79
 126:../../Appli/Core/Src/syscalls.c **** }
 382              		.loc 1 126 1 is_stmt 0 view .LVU80
 383 0002 4FF0FF30 		mov	r0, #-1
 384              	.LVL27:
 385              		.loc 1 126 1 view .LVU81
 386 0006 03B0     		add	sp, sp, #12
 387              	.LCFI5:
 388              		.cfi_restore 3
 389              		.cfi_restore 2
 390              		.cfi_restore 1
 391              		.cfi_def_cfa_offset 0
 392 0008 7047     		bx	lr
 393              		.cfi_endproc
 394              	.LFE35:
 396              		.section	.text._wait,"ax",%progbits
 397              		.align	1
 398              		.global	_wait
 399              		.syntax unified
 400              		.thumb
 401              		.thumb_func
 403              	_wait:
 404              	.LVL28:
 405              	.LFB36:
 127:../../Appli/Core/Src/syscalls.c **** 
ARM GAS  C:\Users\SMART\AppData\Local\Temp\cccidwig.s 			page 10


 128:../../Appli/Core/Src/syscalls.c **** int _wait(int *status)
 129:../../Appli/Core/Src/syscalls.c **** {
 406              		.loc 1 129 1 is_stmt 1 view -0
 407              		.cfi_startproc
 408              		@ args = 0, pretend = 0, frame = 0
 409              		@ frame_needed = 0, uses_anonymous_args = 0
 410              		.loc 1 129 1 is_stmt 0 view .LVU83
 411 0000 08B5     		push	{r3, lr}
 412              	.LCFI6:
 413              		.cfi_def_cfa_offset 8
 414              		.cfi_offset 3, -8
 415              		.cfi_offset 14, -4
 130:../../Appli/Core/Src/syscalls.c ****   (void)status;
 416              		.loc 1 130 3 is_stmt 1 view .LVU84
 131:../../Appli/Core/Src/syscalls.c ****   errno = ECHILD;
 417              		.loc 1 131 3 view .LVU85
 418 0002 FFF7FEFF 		bl	__errno
 419              	.LVL29:
 420              		.loc 1 131 9 is_stmt 0 discriminator 1 view .LVU86
 421 0006 0A23     		movs	r3, #10
 422 0008 0360     		str	r3, [r0]
 132:../../Appli/Core/Src/syscalls.c ****   return -1;
 423              		.loc 1 132 3 is_stmt 1 view .LVU87
 133:../../Appli/Core/Src/syscalls.c **** }
 424              		.loc 1 133 1 is_stmt 0 view .LVU88
 425 000a 4FF0FF30 		mov	r0, #-1
 426 000e 08BD     		pop	{r3, pc}
 427              		.cfi_endproc
 428              	.LFE36:
 430              		.section	.text._unlink,"ax",%progbits
 431              		.align	1
 432              		.global	_unlink
 433              		.syntax unified
 434              		.thumb
 435              		.thumb_func
 437              	_unlink:
 438              	.LVL30:
 439              	.LFB37:
 134:../../Appli/Core/Src/syscalls.c **** 
 135:../../Appli/Core/Src/syscalls.c **** int _unlink(char *name)
 136:../../Appli/Core/Src/syscalls.c **** {
 440              		.loc 1 136 1 is_stmt 1 view -0
 441              		.cfi_startproc
 442              		@ args = 0, pretend = 0, frame = 0
 443              		@ frame_needed = 0, uses_anonymous_args = 0
 444              		.loc 1 136 1 is_stmt 0 view .LVU90
 445 0000 08B5     		push	{r3, lr}
 446              	.LCFI7:
 447              		.cfi_def_cfa_offset 8
 448              		.cfi_offset 3, -8
 449              		.cfi_offset 14, -4
 137:../../Appli/Core/Src/syscalls.c ****   (void)name;
 450              		.loc 1 137 3 is_stmt 1 view .LVU91
 138:../../Appli/Core/Src/syscalls.c ****   errno = ENOENT;
 451              		.loc 1 138 3 view .LVU92
 452 0002 FFF7FEFF 		bl	__errno
 453              	.LVL31:
ARM GAS  C:\Users\SMART\AppData\Local\Temp\cccidwig.s 			page 11


 454              		.loc 1 138 9 is_stmt 0 discriminator 1 view .LVU93
 455 0006 0223     		movs	r3, #2
 456 0008 0360     		str	r3, [r0]
 139:../../Appli/Core/Src/syscalls.c ****   return -1;
 457              		.loc 1 139 3 is_stmt 1 view .LVU94
 140:../../Appli/Core/Src/syscalls.c **** }
 458              		.loc 1 140 1 is_stmt 0 view .LVU95
 459 000a 4FF0FF30 		mov	r0, #-1
 460 000e 08BD     		pop	{r3, pc}
 461              		.cfi_endproc
 462              	.LFE37:
 464              		.section	.text._times,"ax",%progbits
 465              		.align	1
 466              		.global	_times
 467              		.syntax unified
 468              		.thumb
 469              		.thumb_func
 471              	_times:
 472              	.LVL32:
 473              	.LFB38:
 141:../../Appli/Core/Src/syscalls.c **** 
 142:../../Appli/Core/Src/syscalls.c **** clock_t _times(struct tms *buf)
 143:../../Appli/Core/Src/syscalls.c **** {
 474              		.loc 1 143 1 is_stmt 1 view -0
 475              		.cfi_startproc
 476              		@ args = 0, pretend = 0, frame = 0
 477              		@ frame_needed = 0, uses_anonymous_args = 0
 478              		@ link register save eliminated.
 144:../../Appli/Core/Src/syscalls.c ****   (void)buf;
 479              		.loc 1 144 3 view .LVU97
 145:../../Appli/Core/Src/syscalls.c ****   return -1;
 480              		.loc 1 145 3 view .LVU98
 146:../../Appli/Core/Src/syscalls.c **** }
 481              		.loc 1 146 1 is_stmt 0 view .LVU99
 482 0000 4FF0FF30 		mov	r0, #-1
 483              	.LVL33:
 484              		.loc 1 146 1 view .LVU100
 485 0004 7047     		bx	lr
 486              		.cfi_endproc
 487              	.LFE38:
 489              		.section	.text._stat,"ax",%progbits
 490              		.align	1
 491              		.global	_stat
 492              		.syntax unified
 493              		.thumb
 494              		.thumb_func
 496              	_stat:
 497              	.LVL34:
 498              	.LFB39:
 147:../../Appli/Core/Src/syscalls.c **** 
 148:../../Appli/Core/Src/syscalls.c **** int _stat(const char *file, struct stat *st)
 149:../../Appli/Core/Src/syscalls.c **** {
 499              		.loc 1 149 1 is_stmt 1 view -0
 500              		.cfi_startproc
 501              		@ args = 0, pretend = 0, frame = 0
 502              		@ frame_needed = 0, uses_anonymous_args = 0
 503              		@ link register save eliminated.
ARM GAS  C:\Users\SMART\AppData\Local\Temp\cccidwig.s 			page 12


 150:../../Appli/Core/Src/syscalls.c ****   (void)file;
 504              		.loc 1 150 3 view .LVU102
 151:../../Appli/Core/Src/syscalls.c ****   st->st_mode = S_IFCHR;
 505              		.loc 1 151 3 view .LVU103
 506              		.loc 1 151 15 is_stmt 0 view .LVU104
 507 0000 4FF40053 		mov	r3, #8192
 508 0004 4B60     		str	r3, [r1, #4]
 152:../../Appli/Core/Src/syscalls.c ****   return 0;
 509              		.loc 1 152 3 is_stmt 1 view .LVU105
 153:../../Appli/Core/Src/syscalls.c **** }
 510              		.loc 1 153 1 is_stmt 0 view .LVU106
 511 0006 0020     		movs	r0, #0
 512              	.LVL35:
 513              		.loc 1 153 1 view .LVU107
 514 0008 7047     		bx	lr
 515              		.cfi_endproc
 516              	.LFE39:
 518              		.section	.text._link,"ax",%progbits
 519              		.align	1
 520              		.global	_link
 521              		.syntax unified
 522              		.thumb
 523              		.thumb_func
 525              	_link:
 526              	.LVL36:
 527              	.LFB40:
 154:../../Appli/Core/Src/syscalls.c **** 
 155:../../Appli/Core/Src/syscalls.c **** int _link(char *old, char *new)
 156:../../Appli/Core/Src/syscalls.c **** {
 528              		.loc 1 156 1 is_stmt 1 view -0
 529              		.cfi_startproc
 530              		@ args = 0, pretend = 0, frame = 0
 531              		@ frame_needed = 0, uses_anonymous_args = 0
 532              		.loc 1 156 1 is_stmt 0 view .LVU109
 533 0000 08B5     		push	{r3, lr}
 534              	.LCFI8:
 535              		.cfi_def_cfa_offset 8
 536              		.cfi_offset 3, -8
 537              		.cfi_offset 14, -4
 157:../../Appli/Core/Src/syscalls.c ****   (void)old;
 538              		.loc 1 157 3 is_stmt 1 view .LVU110
 158:../../Appli/Core/Src/syscalls.c ****   (void)new;
 539              		.loc 1 158 3 view .LVU111
 159:../../Appli/Core/Src/syscalls.c ****   errno = EMLINK;
 540              		.loc 1 159 3 view .LVU112
 541 0002 FFF7FEFF 		bl	__errno
 542              	.LVL37:
 543              		.loc 1 159 9 is_stmt 0 discriminator 1 view .LVU113
 544 0006 1F23     		movs	r3, #31
 545 0008 0360     		str	r3, [r0]
 160:../../Appli/Core/Src/syscalls.c ****   return -1;
 546              		.loc 1 160 3 is_stmt 1 view .LVU114
 161:../../Appli/Core/Src/syscalls.c **** }
 547              		.loc 1 161 1 is_stmt 0 view .LVU115
 548 000a 4FF0FF30 		mov	r0, #-1
 549 000e 08BD     		pop	{r3, pc}
 550              		.cfi_endproc
ARM GAS  C:\Users\SMART\AppData\Local\Temp\cccidwig.s 			page 13


 551              	.LFE40:
 553              		.section	.text._fork,"ax",%progbits
 554              		.align	1
 555              		.global	_fork
 556              		.syntax unified
 557              		.thumb
 558              		.thumb_func
 560              	_fork:
 561              	.LFB41:
 162:../../Appli/Core/Src/syscalls.c **** 
 163:../../Appli/Core/Src/syscalls.c **** int _fork(void)
 164:../../Appli/Core/Src/syscalls.c **** {
 562              		.loc 1 164 1 is_stmt 1 view -0
 563              		.cfi_startproc
 564              		@ args = 0, pretend = 0, frame = 0
 565              		@ frame_needed = 0, uses_anonymous_args = 0
 566 0000 08B5     		push	{r3, lr}
 567              	.LCFI9:
 568              		.cfi_def_cfa_offset 8
 569              		.cfi_offset 3, -8
 570              		.cfi_offset 14, -4
 165:../../Appli/Core/Src/syscalls.c ****   errno = EAGAIN;
 571              		.loc 1 165 3 view .LVU117
 572 0002 FFF7FEFF 		bl	__errno
 573              	.LVL38:
 574              		.loc 1 165 9 is_stmt 0 discriminator 1 view .LVU118
 575 0006 0B23     		movs	r3, #11
 576 0008 0360     		str	r3, [r0]
 166:../../Appli/Core/Src/syscalls.c ****   return -1;
 577              		.loc 1 166 3 is_stmt 1 view .LVU119
 167:../../Appli/Core/Src/syscalls.c **** }
 578              		.loc 1 167 1 is_stmt 0 view .LVU120
 579 000a 4FF0FF30 		mov	r0, #-1
 580 000e 08BD     		pop	{r3, pc}
 581              		.cfi_endproc
 582              	.LFE41:
 584              		.section	.text._execve,"ax",%progbits
 585              		.align	1
 586              		.global	_execve
 587              		.syntax unified
 588              		.thumb
 589              		.thumb_func
 591              	_execve:
 592              	.LVL39:
 593              	.LFB42:
 168:../../Appli/Core/Src/syscalls.c **** 
 169:../../Appli/Core/Src/syscalls.c **** int _execve(char *name, char **argv, char **env)
 170:../../Appli/Core/Src/syscalls.c **** {
 594              		.loc 1 170 1 is_stmt 1 view -0
 595              		.cfi_startproc
 596              		@ args = 0, pretend = 0, frame = 0
 597              		@ frame_needed = 0, uses_anonymous_args = 0
 598              		.loc 1 170 1 is_stmt 0 view .LVU122
 599 0000 08B5     		push	{r3, lr}
 600              	.LCFI10:
 601              		.cfi_def_cfa_offset 8
 602              		.cfi_offset 3, -8
ARM GAS  C:\Users\SMART\AppData\Local\Temp\cccidwig.s 			page 14


 603              		.cfi_offset 14, -4
 171:../../Appli/Core/Src/syscalls.c ****   (void)name;
 604              		.loc 1 171 3 is_stmt 1 view .LVU123
 172:../../Appli/Core/Src/syscalls.c ****   (void)argv;
 605              		.loc 1 172 3 view .LVU124
 173:../../Appli/Core/Src/syscalls.c ****   (void)env;
 606              		.loc 1 173 3 view .LVU125
 174:../../Appli/Core/Src/syscalls.c ****   errno = ENOMEM;
 607              		.loc 1 174 3 view .LVU126
 608 0002 FFF7FEFF 		bl	__errno
 609              	.LVL40:
 610              		.loc 1 174 9 is_stmt 0 discriminator 1 view .LVU127
 611 0006 0C23     		movs	r3, #12
 612 0008 0360     		str	r3, [r0]
 175:../../Appli/Core/Src/syscalls.c ****   return -1;
 613              		.loc 1 175 3 is_stmt 1 view .LVU128
 176:../../Appli/Core/Src/syscalls.c **** }
 614              		.loc 1 176 1 is_stmt 0 view .LVU129
 615 000a 4FF0FF30 		mov	r0, #-1
 616 000e 08BD     		pop	{r3, pc}
 617              		.cfi_endproc
 618              	.LFE42:
 620              		.global	environ
 621              		.section	.data.environ,"aw"
 622              		.align	2
 625              	environ:
 626 0000 00000000 		.word	__env
 627              		.global	__env
 628              		.section	.bss.__env,"aw",%nobits
 629              		.align	2
 632              	__env:
 633 0000 00000000 		.space	4
 634              		.weak	__io_putchar
 635              		.weak	__io_getchar
 636              		.text
 637              	.Letext0:
 638              		.file 2 "C:\\ST\\STM32CubeIDE_2.0.0\\STM32CubeIDE\\plugins\\com.st.stm32cube.ide.mcu.externaltools
 639              		.file 3 "C:\\ST\\STM32CubeIDE_2.0.0\\STM32CubeIDE\\plugins\\com.st.stm32cube.ide.mcu.externaltools
 640              		.file 4 "C:\\ST\\STM32CubeIDE_2.0.0\\STM32CubeIDE\\plugins\\com.st.stm32cube.ide.mcu.externaltools
 641              		.file 5 "C:\\ST\\STM32CubeIDE_2.0.0\\STM32CubeIDE\\plugins\\com.st.stm32cube.ide.mcu.externaltools
 642              		.file 6 "C:\\ST\\STM32CubeIDE_2.0.0\\STM32CubeIDE\\plugins\\com.st.stm32cube.ide.mcu.externaltools
 643              		.file 7 "C:\\ST\\STM32CubeIDE_2.0.0\\STM32CubeIDE\\plugins\\com.st.stm32cube.ide.mcu.externaltools
 644              		.file 8 "C:\\ST\\STM32CubeIDE_2.0.0\\STM32CubeIDE\\plugins\\com.st.stm32cube.ide.mcu.externaltools
 645              		.file 9 "C:\\ST\\STM32CubeIDE_2.0.0\\STM32CubeIDE\\plugins\\com.st.stm32cube.ide.mcu.externaltools
ARM GAS  C:\Users\SMART\AppData\Local\Temp\cccidwig.s 			page 15


DEFINED SYMBOLS
                            *ABS*:00000000 syscalls.c
C:\Users\SMART\AppData\Local\Temp\cccidwig.s:26     .text.initialise_monitor_handles:00000000 $t
C:\Users\SMART\AppData\Local\Temp\cccidwig.s:32     .text.initialise_monitor_handles:00000000 initialise_monitor_handles
C:\Users\SMART\AppData\Local\Temp\cccidwig.s:45     .text._getpid:00000000 $t
C:\Users\SMART\AppData\Local\Temp\cccidwig.s:51     .text._getpid:00000000 _getpid
C:\Users\SMART\AppData\Local\Temp\cccidwig.s:66     .text._kill:00000000 $t
C:\Users\SMART\AppData\Local\Temp\cccidwig.s:72     .text._kill:00000000 _kill
C:\Users\SMART\AppData\Local\Temp\cccidwig.s:101    .text._exit:00000000 $t
C:\Users\SMART\AppData\Local\Temp\cccidwig.s:107    .text._exit:00000000 _exit
C:\Users\SMART\AppData\Local\Temp\cccidwig.s:134    .text._read:00000000 $t
C:\Users\SMART\AppData\Local\Temp\cccidwig.s:140    .text._read:00000000 _read
C:\Users\SMART\AppData\Local\Temp\cccidwig.s:196    .text._write:00000000 $t
C:\Users\SMART\AppData\Local\Temp\cccidwig.s:202    .text._write:00000000 _write
C:\Users\SMART\AppData\Local\Temp\cccidwig.s:252    .text._close:00000000 $t
C:\Users\SMART\AppData\Local\Temp\cccidwig.s:258    .text._close:00000000 _close
C:\Users\SMART\AppData\Local\Temp\cccidwig.s:277    .text._fstat:00000000 $t
C:\Users\SMART\AppData\Local\Temp\cccidwig.s:283    .text._fstat:00000000 _fstat
C:\Users\SMART\AppData\Local\Temp\cccidwig.s:306    .text._isatty:00000000 $t
C:\Users\SMART\AppData\Local\Temp\cccidwig.s:312    .text._isatty:00000000 _isatty
C:\Users\SMART\AppData\Local\Temp\cccidwig.s:331    .text._lseek:00000000 $t
C:\Users\SMART\AppData\Local\Temp\cccidwig.s:337    .text._lseek:00000000 _lseek
C:\Users\SMART\AppData\Local\Temp\cccidwig.s:358    .text._open:00000000 $t
C:\Users\SMART\AppData\Local\Temp\cccidwig.s:364    .text._open:00000000 _open
C:\Users\SMART\AppData\Local\Temp\cccidwig.s:397    .text._wait:00000000 $t
C:\Users\SMART\AppData\Local\Temp\cccidwig.s:403    .text._wait:00000000 _wait
C:\Users\SMART\AppData\Local\Temp\cccidwig.s:431    .text._unlink:00000000 $t
C:\Users\SMART\AppData\Local\Temp\cccidwig.s:437    .text._unlink:00000000 _unlink
C:\Users\SMART\AppData\Local\Temp\cccidwig.s:465    .text._times:00000000 $t
C:\Users\SMART\AppData\Local\Temp\cccidwig.s:471    .text._times:00000000 _times
C:\Users\SMART\AppData\Local\Temp\cccidwig.s:490    .text._stat:00000000 $t
C:\Users\SMART\AppData\Local\Temp\cccidwig.s:496    .text._stat:00000000 _stat
C:\Users\SMART\AppData\Local\Temp\cccidwig.s:519    .text._link:00000000 $t
C:\Users\SMART\AppData\Local\Temp\cccidwig.s:525    .text._link:00000000 _link
C:\Users\SMART\AppData\Local\Temp\cccidwig.s:554    .text._fork:00000000 $t
C:\Users\SMART\AppData\Local\Temp\cccidwig.s:560    .text._fork:00000000 _fork
C:\Users\SMART\AppData\Local\Temp\cccidwig.s:585    .text._execve:00000000 $t
C:\Users\SMART\AppData\Local\Temp\cccidwig.s:591    .text._execve:00000000 _execve
C:\Users\SMART\AppData\Local\Temp\cccidwig.s:625    .data.environ:00000000 environ
C:\Users\SMART\AppData\Local\Temp\cccidwig.s:622    .data.environ:00000000 $d
C:\Users\SMART\AppData\Local\Temp\cccidwig.s:632    .bss.__env:00000000 __env
C:\Users\SMART\AppData\Local\Temp\cccidwig.s:629    .bss.__env:00000000 $d

UNDEFINED SYMBOLS
__errno
__io_getchar
__io_putchar
