ARM GAS  C:\Users\SMART\AppData\Local\Temp\ccokRGwX.s 			page 1


   1              		.arch armv8.1-m.main
   2              		.fpu fpv5-d16
   3              		.arch_extension dsp
   4              		.arch_extension fp
   5              		.arch_extension fp.dp
   6              		.arch_extension mve
   7              		.arch_extension mve.fp
   8              		.eabi_attribute 5, "cortex-m55"
   9              		.eabi_attribute 28, 1
  10              		.eabi_attribute 20, 1
  11              		.eabi_attribute 21, 1
  12              		.eabi_attribute 23, 3
  13              		.eabi_attribute 24, 1
  14              		.eabi_attribute 25, 1
  15              		.eabi_attribute 26, 1
  16              		.eabi_attribute 30, 1
  17              		.eabi_attribute 34, 1
  18              		.eabi_attribute 38, 1
  19              		.eabi_attribute 18, 4
  20              		.file	"sysmem.c"
  21              		.text
  22              	.Ltext0:
  23              		.cfi_sections	.debug_frame
  24              		.file 1 "../../Appli/Core/Src/sysmem.c"
  25              		.section	.text._sbrk,"ax",%progbits
  26              		.align	1
  27              		.global	_sbrk
  28              		.syntax unified
  29              		.thumb
  30              		.thumb_func
  32              	_sbrk:
  33              	.LVL0:
  34              	.LFB0:
   1:../../Appli/Core/Src/sysmem.c **** /**
   2:../../Appli/Core/Src/sysmem.c ****  ******************************************************************************
   3:../../Appli/Core/Src/sysmem.c ****  * @file      sysmem.c
   4:../../Appli/Core/Src/sysmem.c ****  * @author    Generated by STM32CubeMX
   5:../../Appli/Core/Src/sysmem.c ****  * @brief     System Memory calls file
   6:../../Appli/Core/Src/sysmem.c ****  *
   7:../../Appli/Core/Src/sysmem.c ****  *            For more information about which C functions
   8:../../Appli/Core/Src/sysmem.c ****  *            need which of these lowlevel functions
   9:../../Appli/Core/Src/sysmem.c ****  *            please consult the Newlib or Picolibc libc manual
  10:../../Appli/Core/Src/sysmem.c ****  ******************************************************************************
  11:../../Appli/Core/Src/sysmem.c ****  * @attention
  12:../../Appli/Core/Src/sysmem.c ****  *
  13:../../Appli/Core/Src/sysmem.c ****  * Copyright (c) 2025 STMicroelectronics.
  14:../../Appli/Core/Src/sysmem.c ****  * All rights reserved.
  15:../../Appli/Core/Src/sysmem.c ****  *
  16:../../Appli/Core/Src/sysmem.c ****  * This software is licensed under terms that can be found in the LICENSE file
  17:../../Appli/Core/Src/sysmem.c ****  * in the root directory of this software component.
  18:../../Appli/Core/Src/sysmem.c ****  * If no LICENSE file comes with this software, it is provided AS-IS.
  19:../../Appli/Core/Src/sysmem.c ****  *
  20:../../Appli/Core/Src/sysmem.c ****  ******************************************************************************
  21:../../Appli/Core/Src/sysmem.c ****  */
  22:../../Appli/Core/Src/sysmem.c **** 
  23:../../Appli/Core/Src/sysmem.c **** /* Includes */
  24:../../Appli/Core/Src/sysmem.c **** #include <errno.h>
ARM GAS  C:\Users\SMART\AppData\Local\Temp\ccokRGwX.s 			page 2


  25:../../Appli/Core/Src/sysmem.c **** #include <stdint.h>
  26:../../Appli/Core/Src/sysmem.c **** #include <stddef.h>
  27:../../Appli/Core/Src/sysmem.c **** 
  28:../../Appli/Core/Src/sysmem.c **** /**
  29:../../Appli/Core/Src/sysmem.c ****  * Pointer to the current high watermark of the heap usage
  30:../../Appli/Core/Src/sysmem.c ****  */
  31:../../Appli/Core/Src/sysmem.c **** static uint8_t *__sbrk_heap_end = NULL;
  32:../../Appli/Core/Src/sysmem.c **** 
  33:../../Appli/Core/Src/sysmem.c **** /**
  34:../../Appli/Core/Src/sysmem.c ****  * @brief _sbrk() allocates memory to the newlib heap and is used by malloc
  35:../../Appli/Core/Src/sysmem.c ****  *        and others from the C library
  36:../../Appli/Core/Src/sysmem.c ****  *
  37:../../Appli/Core/Src/sysmem.c ****  * @verbatim
  38:../../Appli/Core/Src/sysmem.c ****  * ############################################################################
  39:../../Appli/Core/Src/sysmem.c ****  * #  .data  #  .bss  #       newlib heap       #          MSP stack          #
  40:../../Appli/Core/Src/sysmem.c ****  * #         #        #                         # Reserved by _Min_Stack_Size #
  41:../../Appli/Core/Src/sysmem.c ****  * ############################################################################
  42:../../Appli/Core/Src/sysmem.c ****  * ^-- RAM start      ^-- _end                             _estack, RAM end --^
  43:../../Appli/Core/Src/sysmem.c ****  * @endverbatim
  44:../../Appli/Core/Src/sysmem.c ****  *
  45:../../Appli/Core/Src/sysmem.c ****  * This implementation starts allocating at the '_end' linker symbol
  46:../../Appli/Core/Src/sysmem.c ****  * The '_Min_Stack_Size' linker symbol reserves a memory for the MSP stack
  47:../../Appli/Core/Src/sysmem.c ****  * The implementation considers '_estack' linker symbol to be RAM end
  48:../../Appli/Core/Src/sysmem.c ****  * NOTE: If the MSP stack, at any point during execution, grows larger than the
  49:../../Appli/Core/Src/sysmem.c ****  * reserved size, please increase the '_Min_Stack_Size'.
  50:../../Appli/Core/Src/sysmem.c ****  *
  51:../../Appli/Core/Src/sysmem.c ****  * @param incr Memory size
  52:../../Appli/Core/Src/sysmem.c ****  * @return Pointer to allocated memory
  53:../../Appli/Core/Src/sysmem.c ****  */
  54:../../Appli/Core/Src/sysmem.c **** void *_sbrk(ptrdiff_t incr)
  55:../../Appli/Core/Src/sysmem.c **** {
  35              		.loc 1 55 1 view -0
  36              		.cfi_startproc
  37              		@ args = 0, pretend = 0, frame = 0
  38              		@ frame_needed = 0, uses_anonymous_args = 0
  39              		.loc 1 55 1 is_stmt 0 view .LVU1
  40 0000 10B5     		push	{r4, lr}
  41              	.LCFI0:
  42              		.cfi_def_cfa_offset 8
  43              		.cfi_offset 4, -8
  44              		.cfi_offset 14, -4
  45 0002 0346     		mov	r3, r0
  56:../../Appli/Core/Src/sysmem.c ****   extern uint8_t _end; /* Symbol defined in the linker script */
  46              		.loc 1 56 3 is_stmt 1 view .LVU2
  57:../../Appli/Core/Src/sysmem.c ****   extern uint8_t _estack; /* Symbol defined in the linker script */
  47              		.loc 1 57 3 view .LVU3
  58:../../Appli/Core/Src/sysmem.c ****   extern uint32_t _Min_Stack_Size; /* Symbol defined in the linker script */
  48              		.loc 1 58 3 view .LVU4
  59:../../Appli/Core/Src/sysmem.c ****   const uint32_t stack_limit = (uint32_t)&_estack - (uint32_t)&_Min_Stack_Size;
  49              		.loc 1 59 3 view .LVU5
  50              	.LVL1:
  60:../../Appli/Core/Src/sysmem.c ****   const uint8_t *max_heap = (uint8_t *)stack_limit;
  51              		.loc 1 60 3 view .LVU6
  59:../../Appli/Core/Src/sysmem.c ****   const uint32_t stack_limit = (uint32_t)&_estack - (uint32_t)&_Min_Stack_Size;
  52              		.loc 1 59 51 is_stmt 0 view .LVU7
  53 0004 0C4A     		ldr	r2, .L8
  54 0006 0D49     		ldr	r1, .L8+4
ARM GAS  C:\Users\SMART\AppData\Local\Temp\ccokRGwX.s 			page 3


  55              	.LVL2:
  61:../../Appli/Core/Src/sysmem.c ****   uint8_t *prev_heap_end;
  56              		.loc 1 61 3 is_stmt 1 view .LVU8
  62:../../Appli/Core/Src/sysmem.c **** 
  63:../../Appli/Core/Src/sysmem.c ****   /* Initialize heap end at first call */
  64:../../Appli/Core/Src/sysmem.c ****   if (NULL == __sbrk_heap_end)
  57              		.loc 1 64 3 view .LVU9
  58              		.loc 1 64 12 is_stmt 0 view .LVU10
  59 0008 0D48     		ldr	r0, .L8+8
  60              	.LVL3:
  61              		.loc 1 64 12 view .LVU11
  62 000a 0068     		ldr	r0, [r0]
  63              		.loc 1 64 6 view .LVU12
  64 000c 40B1     		cbz	r0, .L6
  65              	.L2:
  65:../../Appli/Core/Src/sysmem.c ****   {
  66:../../Appli/Core/Src/sysmem.c ****     __sbrk_heap_end = &_end;
  67:../../Appli/Core/Src/sysmem.c ****   }
  68:../../Appli/Core/Src/sysmem.c **** 
  69:../../Appli/Core/Src/sysmem.c ****   /* Protect heap from growing into the reserved MSP stack */
  70:../../Appli/Core/Src/sysmem.c ****   if (__sbrk_heap_end + incr > max_heap)
  66              		.loc 1 70 3 is_stmt 1 view .LVU13
  67              		.loc 1 70 23 is_stmt 0 view .LVU14
  68 000e 0C48     		ldr	r0, .L8+8
  69 0010 0068     		ldr	r0, [r0]
  70 0012 0344     		add	r3, r3, r0
  71              	.LVL4:
  72              		.loc 1 70 6 view .LVU15
  73 0014 521A     		subs	r2, r2, r1
  74 0016 9342     		cmp	r3, r2
  75 0018 06D8     		bhi	.L7
  71:../../Appli/Core/Src/sysmem.c ****   {
  72:../../Appli/Core/Src/sysmem.c ****     errno = ENOMEM;
  73:../../Appli/Core/Src/sysmem.c ****     return (void *)-1;
  74:../../Appli/Core/Src/sysmem.c ****   }
  75:../../Appli/Core/Src/sysmem.c **** 
  76:../../Appli/Core/Src/sysmem.c ****   prev_heap_end = __sbrk_heap_end;
  76              		.loc 1 76 3 is_stmt 1 view .LVU16
  77              	.LVL5:
  77:../../Appli/Core/Src/sysmem.c ****   __sbrk_heap_end += incr;
  78              		.loc 1 77 3 view .LVU17
  79              		.loc 1 77 19 is_stmt 0 view .LVU18
  80 001a 094A     		ldr	r2, .L8+8
  81 001c 1360     		str	r3, [r2]
  78:../../Appli/Core/Src/sysmem.c **** 
  79:../../Appli/Core/Src/sysmem.c ****   return (void *)prev_heap_end;
  82              		.loc 1 79 3 is_stmt 1 view .LVU19
  83              	.LVL6:
  84              	.L1:
  80:../../Appli/Core/Src/sysmem.c **** }
  85              		.loc 1 80 1 is_stmt 0 view .LVU20
  86 001e 10BD     		pop	{r4, pc}
  87              	.LVL7:
  88              	.L6:
  66:../../Appli/Core/Src/sysmem.c ****   }
  89              		.loc 1 66 5 is_stmt 1 view .LVU21
  66:../../Appli/Core/Src/sysmem.c ****   }
ARM GAS  C:\Users\SMART\AppData\Local\Temp\ccokRGwX.s 			page 4


  90              		.loc 1 66 21 is_stmt 0 view .LVU22
  91 0020 0748     		ldr	r0, .L8+8
  92 0022 084C     		ldr	r4, .L8+12
  93 0024 0460     		str	r4, [r0]
  94 0026 F2E7     		b	.L2
  95              	.LVL8:
  96              	.L7:
  72:../../Appli/Core/Src/sysmem.c ****     return (void *)-1;
  97              		.loc 1 72 5 is_stmt 1 view .LVU23
  98 0028 FFF7FEFF 		bl	__errno
  99              	.LVL9:
  72:../../Appli/Core/Src/sysmem.c ****     return (void *)-1;
 100              		.loc 1 72 11 is_stmt 0 discriminator 1 view .LVU24
 101 002c 0C23     		movs	r3, #12
 102 002e 0360     		str	r3, [r0]
  73:../../Appli/Core/Src/sysmem.c ****   }
 103              		.loc 1 73 5 is_stmt 1 view .LVU25
  73:../../Appli/Core/Src/sysmem.c ****   }
 104              		.loc 1 73 12 is_stmt 0 view .LVU26
 105 0030 4FF0FF30 		mov	r0, #-1
 106 0034 F3E7     		b	.L1
 107              	.L9:
 108 0036 00BF     		.align	2
 109              	.L8:
 110 0038 00000000 		.word	_estack
 111 003c 00000000 		.word	_Min_Stack_Size
 112 0040 00000000 		.word	__sbrk_heap_end
 113 0044 00000000 		.word	_end
 114              		.cfi_endproc
 115              	.LFE0:
 117              		.section	.bss.__sbrk_heap_end,"aw",%nobits
 118              		.align	2
 121              	__sbrk_heap_end:
 122 0000 00000000 		.space	4
 123              		.text
 124              	.Letext0:
 125              		.file 2 "C:\\ST\\STM32CubeIDE_2.0.0\\STM32CubeIDE\\plugins\\com.st.stm32cube.ide.mcu.externaltools
 126              		.file 3 "C:\\ST\\STM32CubeIDE_2.0.0\\STM32CubeIDE\\plugins\\com.st.stm32cube.ide.mcu.externaltools
 127              		.file 4 "C:\\ST\\STM32CubeIDE_2.0.0\\STM32CubeIDE\\plugins\\com.st.stm32cube.ide.mcu.externaltools
 128              		.file 5 "C:\\ST\\STM32CubeIDE_2.0.0\\STM32CubeIDE\\plugins\\com.st.stm32cube.ide.mcu.externaltools
ARM GAS  C:\Users\SMART\AppData\Local\Temp\ccokRGwX.s 			page 5


DEFINED SYMBOLS
                            *ABS*:00000000 sysmem.c
C:\Users\SMART\AppData\Local\Temp\ccokRGwX.s:26     .text._sbrk:00000000 $t
C:\Users\SMART\AppData\Local\Temp\ccokRGwX.s:32     .text._sbrk:00000000 _sbrk
C:\Users\SMART\AppData\Local\Temp\ccokRGwX.s:110    .text._sbrk:00000038 $d
C:\Users\SMART\AppData\Local\Temp\ccokRGwX.s:121    .bss.__sbrk_heap_end:00000000 __sbrk_heap_end
C:\Users\SMART\AppData\Local\Temp\ccokRGwX.s:118    .bss.__sbrk_heap_end:00000000 $d

UNDEFINED SYMBOLS
__errno
_estack
_Min_Stack_Size
_end
